Arguments: 
  C:\Program Files\nodejs\node.exe C:\Users\Farhad\AppData\Roaming\npm\node_modules\yarn\bin\yarn.js add @types/react-redux -D

PATH: 
  C:\ProgramData\Oracle\Java\javapath;C:\WINDOWS\system32;C:\WINDOWS;C:\WINDOWS\System32\Wbem;C:\WINDOWS\System32\WindowsPowerShell\v1.0\;C:\WINDOWS\System32\OpenSSH\;C:\Program Files\Microsoft SQL Server\Client SDK\ODBC\130\Tools\Binn\;C:\Program Files (x86)\Microsoft SQL Server\130\Tools\Binn\;C:\Program Files\Microsoft SQL Server\130\Tools\Binn\;C:\Program Files\Microsoft SQL Server\130\DTS\Binn\;C:\Program Files (x86)\NVIDIA Corporation\PhysX\Common;C:\Program Files\Git\cmd;C:\WINDOWS\system32;C:\WINDOWS;C:\WINDOWS\System32\Wbem;C:\WINDOWS\System32\WindowsPowerShell\v1.0\;C:\WINDOWS\System32\OpenSSH\;C:\Program Files (x86)\Microsoft SQL Server\150\DTS\Binn\;C:\Program Files\Azure Data Studio\bin;C:\Program Files\Microsoft SQL Server\Client SDK\ODBC\170\Tools\Binn\;C:\Program Files (x86)\Microsoft SQL Server\150\Tools\Binn\;C:\Program Files\Microsoft SQL Server\150\Tools\Binn\;C:\Program Files\Microsoft SQL Server\150\DTS\Binn\;C:\Program Files\dotnet\;C:\Program Files\nodejs\;C:\Users\Farhad\AppData\Local\Microsoft\WindowsApps;C:\Users\Farhad\AppData\Local\Programs\Microsoft VS Code\bin;C:\Program Files\Azure Data Studio\bin;C:\Users\Farhad\.dotnet\tools;C:\Users\Farhad\AppData\Local\GitHubDesktop\bin;C:\Users\Farhad\AppData\Roaming\npm

Yarn version: 
  1.22.19

Node version: 
  16.15.1

Platform: 
  win32 x64

Trace: 
  Error: https://registry.yarnpkg.com/@mui/icons-material/-/icons-material-5.8.4.tgz: ESOCKETTIMEDOUT
      at ClientRequest.<anonymous> (C:\Users\Farhad\AppData\Roaming\npm\node_modules\yarn\lib\cli.js:141517:19)
      at Object.onceWrapper (node:events:641:28)
      at ClientRequest.emit (node:events:527:28)
      at TLSSocket.emitRequestTimeout (node:_http_client:771:9)
      at Object.onceWrapper (node:events:641:28)
      at TLSSocket.emit (node:events:539:35)
      at TLSSocket.Socket._onTimeout (node:net:516:8)
      at listOnTimeout (node:internal/timers:559:17)
      at processTimers (node:internal/timers:502:7)

npm manifest: 
  {
    "name": "pet-eshop",
    "version": "0.0.0",
    "private": true,
    "description": "pet project",
    "main": "",
    "scripts": {
      "dev": "next",
      "build": "next build",
      "start": "next start",
      "types": "tsc --noEmit"
    },
    "author": "Fnach <farhadmainsot@gmail.com>",
    "license": "",
    "dependencies": {
      "@emotion/react": "^11.9.3",
      "@emotion/styled": "^11.9.3",
      "@mui/icons-material": "^5.8.4",
      "@mui/material": "^5.8.7",
      "@next-auth/prisma-adapter": "^1.0.3",
      "@prisma/client": "^4.0.0",
      "@reduxjs/toolkit": "^1.8.3",
      "axios": "^0.27.2",
      "next": "12.1.7-canary.51",
      "next-auth": "^4.9.0",
      "prisma": "^4.0.0",
      "react": "^18.2.0",
      "react-dom": "^18.2.0",
      "react-redux": "^8.0.2"
    },
    "devDependencies": {
      "@types/node": "^17",
      "@types/react": "^18",
      "@types/react-dom": "^18.0.6",
      "eslint": "^8.19.0",
      "eslint-config-next": "^12.2.0",
      "typescript": "^4"
    },
    "prettier": {
      "semi": true
    }
  }

yarn manifest: 
  No manifest

Lockfile: 
  No lockfile
